Connecting to database specified by database.yml
Connecting to database specified by database.yml
Connecting to database specified by database.yml
Connecting to database specified by database.yml
Connecting to database specified by database.yml
Connecting to database specified by database.yml
  [1m[36m (420.2ms)[0m  [1mCREATE TABLE `schema_migrations` (`version` varchar(255) NOT NULL) ENGINE=InnoDB[0m
  [1m[35m (149.8ms)[0m  CREATE UNIQUE INDEX `unique_schema_migrations` ON `schema_migrations` (`version`)
  [1m[36m (3.9ms)[0m  [1mSELECT `schema_migrations`.`version` FROM `schema_migrations` [0m
Migrating to CreateUsers (20121018203134)
  [1m[35m (41.3ms)[0m  CREATE TABLE `users` (`id` int(11) DEFAULT NULL auto_increment PRIMARY KEY, `email` varchar(255), `password_digest` varchar(255), `created_at` datetime NOT NULL, `updated_at` datetime NOT NULL) ENGINE=InnoDB
  [1m[36m (4.2ms)[0m  [1mINSERT INTO `schema_migrations` (`version`) VALUES ('20121018203134')[0m
  [1m[35m (0.2ms)[0m  SELECT `schema_migrations`.`version` FROM `schema_migrations` 
Connecting to database specified by database.yml
  [1m[36m (86.0ms)[0m  [1mSELECT `schema_migrations`.`version` FROM `schema_migrations` [0m
Migrating to CreateUsers (20121018203134)
  [1m[35m (0.1ms)[0m  SELECT `schema_migrations`.`version` FROM `schema_migrations` 
Connecting to database specified by database.yml
  [1m[36m (1.9ms)[0m  [1mSELECT `schema_migrations`.`version` FROM `schema_migrations` [0m
Migrating to CreateUsers (20121018203134)
  [1m[35m (0.1ms)[0m  SELECT `schema_migrations`.`version` FROM `schema_migrations` 


Started GET "/assets/rails.png" for 127.0.0.1 at 2012-10-18 18:13:37 -0300
Connecting to database specified by database.yml
Served asset /rails.png - 200 OK (41ms)


Started GET "/users" for 127.0.0.1 at 2012-10-18 18:13:46 -0300

ActionController::RoutingError (No route matches [GET] "/users"):
  actionpack (3.2.8) lib/action_dispatch/middleware/debug_exceptions.rb:21:in `call'
  actionpack (3.2.8) lib/action_dispatch/middleware/show_exceptions.rb:56:in `call'
  railties (3.2.8) lib/rails/rack/logger.rb:26:in `call_app'
  railties (3.2.8) lib/rails/rack/logger.rb:16:in `call'
  actionpack (3.2.8) lib/action_dispatch/middleware/request_id.rb:22:in `call'
  rack (1.4.1) lib/rack/methodoverride.rb:21:in `call'
  rack (1.4.1) lib/rack/runtime.rb:17:in `call'
  activesupport (3.2.8) lib/active_support/cache/strategy/local_cache.rb:72:in `call'
  rack (1.4.1) lib/rack/lock.rb:15:in `call'
  actionpack (3.2.8) lib/action_dispatch/middleware/static.rb:62:in `call'
  railties (3.2.8) lib/rails/engine.rb:479:in `call'
  railties (3.2.8) lib/rails/application.rb:223:in `call'
  rack (1.4.1) lib/rack/content_length.rb:14:in `call'
  railties (3.2.8) lib/rails/rack/log_tailer.rb:17:in `call'
  rack (1.4.1) lib/rack/handler/webrick.rb:59:in `service'
  /home/rodrigo/.rbenv/versions/1.9.3-p286/lib/ruby/1.9.1/webrick/httpserver.rb:138:in `service'
  /home/rodrigo/.rbenv/versions/1.9.3-p286/lib/ruby/1.9.1/webrick/httpserver.rb:94:in `run'
  /home/rodrigo/.rbenv/versions/1.9.3-p286/lib/ruby/1.9.1/webrick/server.rb:191:in `block in start_thread'


  Rendered /home/rodrigo/.rbenv/versions/1.9.3-p286/lib/ruby/gems/1.9.1/gems/actionpack-3.2.8/lib/action_dispatch/middleware/templates/rescues/routing_error.erb within rescues/layout (5.1ms)


Started GET "/" for 127.0.0.1 at 2012-10-18 18:14:27 -0300

ActionController::RoutingError (No route matches [GET] "/"):
  actionpack (3.2.8) lib/action_dispatch/middleware/debug_exceptions.rb:21:in `call'
  actionpack (3.2.8) lib/action_dispatch/middleware/show_exceptions.rb:56:in `call'
  railties (3.2.8) lib/rails/rack/logger.rb:26:in `call_app'
  railties (3.2.8) lib/rails/rack/logger.rb:16:in `call'
  actionpack (3.2.8) lib/action_dispatch/middleware/request_id.rb:22:in `call'
  rack (1.4.1) lib/rack/methodoverride.rb:21:in `call'
  rack (1.4.1) lib/rack/runtime.rb:17:in `call'
  activesupport (3.2.8) lib/active_support/cache/strategy/local_cache.rb:72:in `call'
  rack (1.4.1) lib/rack/lock.rb:15:in `call'
  actionpack (3.2.8) lib/action_dispatch/middleware/static.rb:62:in `call'
  railties (3.2.8) lib/rails/engine.rb:479:in `call'
  railties (3.2.8) lib/rails/application.rb:223:in `call'
  rack (1.4.1) lib/rack/content_length.rb:14:in `call'
  railties (3.2.8) lib/rails/rack/log_tailer.rb:17:in `call'
  rack (1.4.1) lib/rack/handler/webrick.rb:59:in `service'
  /home/rodrigo/.rbenv/versions/1.9.3-p286/lib/ruby/1.9.1/webrick/httpserver.rb:138:in `service'
  /home/rodrigo/.rbenv/versions/1.9.3-p286/lib/ruby/1.9.1/webrick/httpserver.rb:94:in `run'
  /home/rodrigo/.rbenv/versions/1.9.3-p286/lib/ruby/1.9.1/webrick/server.rb:191:in `block in start_thread'


  Rendered /home/rodrigo/.rbenv/versions/1.9.3-p286/lib/ruby/gems/1.9.1/gems/actionpack-3.2.8/lib/action_dispatch/middleware/templates/rescues/routing_error.erb within rescues/layout (1.0ms)


Started GET "/" for 127.0.0.1 at 2012-10-18 18:16:44 -0300

ActionController::RoutingError (uninitialized constant WelcomeController):
  activesupport (3.2.8) lib/active_support/inflector/methods.rb:230:in `block in constantize'
  activesupport (3.2.8) lib/active_support/inflector/methods.rb:229:in `each'
  activesupport (3.2.8) lib/active_support/inflector/methods.rb:229:in `constantize'
  actionpack (3.2.8) lib/action_dispatch/routing/route_set.rb:69:in `controller_reference'
  actionpack (3.2.8) lib/action_dispatch/routing/route_set.rb:54:in `controller'
  actionpack (3.2.8) lib/action_dispatch/routing/route_set.rb:32:in `call'
  journey (1.0.4) lib/journey/router.rb:68:in `block in call'
  journey (1.0.4) lib/journey/router.rb:56:in `each'
  journey (1.0.4) lib/journey/router.rb:56:in `call'
  actionpack (3.2.8) lib/action_dispatch/routing/route_set.rb:600:in `call'
  actionpack (3.2.8) lib/action_dispatch/middleware/best_standards_support.rb:17:in `call'
  rack (1.4.1) lib/rack/etag.rb:23:in `call'
  rack (1.4.1) lib/rack/conditionalget.rb:25:in `call'
  actionpack (3.2.8) lib/action_dispatch/middleware/head.rb:14:in `call'
  actionpack (3.2.8) lib/action_dispatch/middleware/params_parser.rb:21:in `call'
  actionpack (3.2.8) lib/action_dispatch/middleware/flash.rb:242:in `call'
  rack (1.4.1) lib/rack/session/abstract/id.rb:205:in `context'
  rack (1.4.1) lib/rack/session/abstract/id.rb:200:in `call'
  actionpack (3.2.8) lib/action_dispatch/middleware/cookies.rb:339:in `call'
  activerecord (3.2.8) lib/active_record/query_cache.rb:64:in `call'
  activerecord (3.2.8) lib/active_record/connection_adapters/abstract/connection_pool.rb:473:in `call'
  actionpack (3.2.8) lib/action_dispatch/middleware/callbacks.rb:28:in `block in call'
  activesupport (3.2.8) lib/active_support/callbacks.rb:405:in `_run__1422362053336235929__call__1550434603960200699__callbacks'
  activesupport (3.2.8) lib/active_support/callbacks.rb:405:in `__run_callback'
  activesupport (3.2.8) lib/active_support/callbacks.rb:385:in `_run_call_callbacks'
  activesupport (3.2.8) lib/active_support/callbacks.rb:81:in `run_callbacks'
  actionpack (3.2.8) lib/action_dispatch/middleware/callbacks.rb:27:in `call'
  actionpack (3.2.8) lib/action_dispatch/middleware/reloader.rb:65:in `call'
  actionpack (3.2.8) lib/action_dispatch/middleware/remote_ip.rb:31:in `call'
  actionpack (3.2.8) lib/action_dispatch/middleware/debug_exceptions.rb:16:in `call'
  actionpack (3.2.8) lib/action_dispatch/middleware/show_exceptions.rb:56:in `call'
  railties (3.2.8) lib/rails/rack/logger.rb:26:in `call_app'
  railties (3.2.8) lib/rails/rack/logger.rb:16:in `call'
  actionpack (3.2.8) lib/action_dispatch/middleware/request_id.rb:22:in `call'
  rack (1.4.1) lib/rack/methodoverride.rb:21:in `call'
  rack (1.4.1) lib/rack/runtime.rb:17:in `call'
  activesupport (3.2.8) lib/active_support/cache/strategy/local_cache.rb:72:in `call'
  rack (1.4.1) lib/rack/lock.rb:15:in `call'
  actionpack (3.2.8) lib/action_dispatch/middleware/static.rb:62:in `call'
  railties (3.2.8) lib/rails/engine.rb:479:in `call'
  railties (3.2.8) lib/rails/application.rb:223:in `call'
  rack (1.4.1) lib/rack/content_length.rb:14:in `call'
  railties (3.2.8) lib/rails/rack/log_tailer.rb:17:in `call'
  rack (1.4.1) lib/rack/handler/webrick.rb:59:in `service'
  /home/rodrigo/.rbenv/versions/1.9.3-p286/lib/ruby/1.9.1/webrick/httpserver.rb:138:in `service'
  /home/rodrigo/.rbenv/versions/1.9.3-p286/lib/ruby/1.9.1/webrick/httpserver.rb:94:in `run'
  /home/rodrigo/.rbenv/versions/1.9.3-p286/lib/ruby/1.9.1/webrick/server.rb:191:in `block in start_thread'


  Rendered /home/rodrigo/.rbenv/versions/1.9.3-p286/lib/ruby/gems/1.9.1/gems/actionpack-3.2.8/lib/action_dispatch/middleware/templates/rescues/routing_error.erb within rescues/layout (1.4ms)


Started GET "/users" for 127.0.0.1 at 2012-10-18 18:16:50 -0300

ActionController::RoutingError (No route matches [GET] "/users"):
  actionpack (3.2.8) lib/action_dispatch/middleware/debug_exceptions.rb:21:in `call'
  actionpack (3.2.8) lib/action_dispatch/middleware/show_exceptions.rb:56:in `call'
  railties (3.2.8) lib/rails/rack/logger.rb:26:in `call_app'
  railties (3.2.8) lib/rails/rack/logger.rb:16:in `call'
  actionpack (3.2.8) lib/action_dispatch/middleware/request_id.rb:22:in `call'
  rack (1.4.1) lib/rack/methodoverride.rb:21:in `call'
  rack (1.4.1) lib/rack/runtime.rb:17:in `call'
  activesupport (3.2.8) lib/active_support/cache/strategy/local_cache.rb:72:in `call'
  rack (1.4.1) lib/rack/lock.rb:15:in `call'
  actionpack (3.2.8) lib/action_dispatch/middleware/static.rb:62:in `call'
  railties (3.2.8) lib/rails/engine.rb:479:in `call'
  railties (3.2.8) lib/rails/application.rb:223:in `call'
  rack (1.4.1) lib/rack/content_length.rb:14:in `call'
  railties (3.2.8) lib/rails/rack/log_tailer.rb:17:in `call'
  rack (1.4.1) lib/rack/handler/webrick.rb:59:in `service'
  /home/rodrigo/.rbenv/versions/1.9.3-p286/lib/ruby/1.9.1/webrick/httpserver.rb:138:in `service'
  /home/rodrigo/.rbenv/versions/1.9.3-p286/lib/ruby/1.9.1/webrick/httpserver.rb:94:in `run'
  /home/rodrigo/.rbenv/versions/1.9.3-p286/lib/ruby/1.9.1/webrick/server.rb:191:in `block in start_thread'


  Rendered /home/rodrigo/.rbenv/versions/1.9.3-p286/lib/ruby/gems/1.9.1/gems/actionpack-3.2.8/lib/action_dispatch/middleware/templates/rescues/routing_error.erb within rescues/layout (0.8ms)


Started GET "/users/new" for 127.0.0.1 at 2012-10-18 18:16:56 -0300

Gem::LoadError (bcrypt-ruby is not part of the bundle. Add it to Gemfile.):
  app/models/user.rb:2:in `<class:User>'
  app/models/user.rb:1:in `<top (required)>'
  app/controllers/users_controller.rb:1:in `<top (required)>'


  Rendered /home/rodrigo/.rbenv/versions/1.9.3-p286/lib/ruby/gems/1.9.1/gems/actionpack-3.2.8/lib/action_dispatch/middleware/templates/rescues/_trace.erb (2.3ms)
  Rendered /home/rodrigo/.rbenv/versions/1.9.3-p286/lib/ruby/gems/1.9.1/gems/actionpack-3.2.8/lib/action_dispatch/middleware/templates/rescues/_request_and_response.erb (49.3ms)
  Rendered /home/rodrigo/.rbenv/versions/1.9.3-p286/lib/ruby/gems/1.9.1/gems/actionpack-3.2.8/lib/action_dispatch/middleware/templates/rescues/diagnostics.erb within rescues/layout (61.7ms)


Started GET "/users/new" for 127.0.0.1 at 2012-10-18 18:20:11 -0300
Connecting to database specified by database.yml
Processing by UsersController#new as HTML
  Rendered users/new.html.erb within layouts/application (136.3ms)
Completed 500 Internal Server Error in 528ms

ActionView::Template::Error (undefined method `users_path' for #<#<Class:0x007f92304372d0>:0x007f9230434738>):
    1: <h1>Cadastro</h1>
    2: 
    3: <%= form_for @user do |f| %>
    4:     <% if @user.errors.any? %>
    5:         <div class="error_messages">
    6:           <h2>Form is invalid</h2>
  app/views/users/new.html.erb:3:in `_app_views_users_new_html_erb__3745665216879719789_70132928383740'


  Rendered /home/rodrigo/.rbenv/versions/1.9.3-p286/lib/ruby/gems/1.9.1/gems/actionpack-3.2.8/lib/action_dispatch/middleware/templates/rescues/_trace.erb (2.0ms)
  Rendered /home/rodrigo/.rbenv/versions/1.9.3-p286/lib/ruby/gems/1.9.1/gems/actionpack-3.2.8/lib/action_dispatch/middleware/templates/rescues/_request_and_response.erb (1.5ms)
  Rendered /home/rodrigo/.rbenv/versions/1.9.3-p286/lib/ruby/gems/1.9.1/gems/actionpack-3.2.8/lib/action_dispatch/middleware/templates/rescues/template_error.erb within rescues/layout (14.0ms)


Started GET "/users/new" for 127.0.0.1 at 2012-10-18 18:24:09 -0300
Processing by UsersController#new as HTML
  Rendered users/new.html.erb within layouts/application (244.3ms)
Compiled users.css  (140ms)  (pid 12859)
Compiled application.css  (282ms)  (pid 12859)
Compiled jquery.js  (5ms)  (pid 12859)
Compiled jquery_ujs.js  (0ms)  (pid 12859)
Compiled twitter/bootstrap/bootstrap-transition.js  (0ms)  (pid 12859)
Compiled twitter/bootstrap/bootstrap-alert.js  (0ms)  (pid 12859)
Compiled twitter/bootstrap/bootstrap-modal.js  (0ms)  (pid 12859)
Compiled twitter/bootstrap/bootstrap-dropdown.js  (0ms)  (pid 12859)
Compiled twitter/bootstrap/bootstrap-scrollspy.js  (0ms)  (pid 12859)
Compiled twitter/bootstrap/bootstrap-tab.js  (0ms)  (pid 12859)
Compiled twitter/bootstrap/bootstrap-tooltip.js  (0ms)  (pid 12859)
Compiled twitter/bootstrap/bootstrap-popover.js  (0ms)  (pid 12859)
Compiled twitter/bootstrap/bootstrap-button.js  (0ms)  (pid 12859)
Compiled twitter/bootstrap/bootstrap-collapse.js  (0ms)  (pid 12859)
Compiled twitter/bootstrap/bootstrap-carousel.js  (0ms)  (pid 12859)
Compiled twitter/bootstrap/bootstrap-typeahead.js  (0ms)  (pid 12859)
Compiled twitter/bootstrap/bootstrap-affix.js  (0ms)  (pid 12859)
Compiled twitter/bootstrap.js  (326ms)  (pid 12859)
Compiled users.js  (172ms)  (pid 12859)
Compiled application.js  (747ms)  (pid 12859)
Completed 500 Internal Server Error in 1502ms

ActionView::Template::Error (undefined local variable or method `products_path' for #<#<Class:0x007f9230d145d8>:0x007f9230ce76f0>):
    24:       <a class="brand" href="#">Cifrão</a>
    25:       <div class="nav-collapse">
    26:         <ul class="nav">
    27:           <li><%= link_to "Movimentações", products_path %></li>
    28:           <li><%= link_to "Contas" %></li>
    29:           <li><%= link_to "Ajuda" %></li>
    30:           <li><%= link_to "Sair" %></li>
  app/views/layouts/application.html.erb:27:in `_app_views_layouts_application_html_erb__925760586610241054_70132928483800'


  Rendered /home/rodrigo/.rbenv/versions/1.9.3-p286/lib/ruby/gems/1.9.1/gems/actionpack-3.2.8/lib/action_dispatch/middleware/templates/rescues/_trace.erb (2.0ms)
  Rendered /home/rodrigo/.rbenv/versions/1.9.3-p286/lib/ruby/gems/1.9.1/gems/actionpack-3.2.8/lib/action_dispatch/middleware/templates/rescues/_request_and_response.erb (1.5ms)
  Rendered /home/rodrigo/.rbenv/versions/1.9.3-p286/lib/ruby/gems/1.9.1/gems/actionpack-3.2.8/lib/action_dispatch/middleware/templates/rescues/template_error.erb within rescues/layout (13.1ms)


Started GET "/users/new" for 127.0.0.1 at 2012-10-18 18:25:30 -0300
Processing by UsersController#new as HTML
  Rendered users/new.html.erb within layouts/application (6.2ms)
Completed 500 Internal Server Error in 27ms

ActionController::RoutingError (No route matches {:action=>"show", :controller=>"users"}):
  app/views/layouts/application.html.erb:29:in `_app_views_layouts_application_html_erb__925760586610241054_70132928878980'


  Rendered /home/rodrigo/.rbenv/versions/1.9.3-p286/lib/ruby/gems/1.9.1/gems/actionpack-3.2.8/lib/action_dispatch/middleware/templates/rescues/routing_error.erb within rescues/layout (1.0ms)


Started GET "/users" for 127.0.0.1 at 2012-10-18 18:25:37 -0300

AbstractController::ActionNotFound (The action 'index' could not be found for UsersController):
  actionpack (3.2.8) lib/abstract_controller/base.rb:116:in `process'
  actionpack (3.2.8) lib/abstract_controller/rendering.rb:45:in `process'
  actionpack (3.2.8) lib/action_controller/metal.rb:203:in `dispatch'
  actionpack (3.2.8) lib/action_controller/metal/rack_delegation.rb:14:in `dispatch'
  actionpack (3.2.8) lib/action_controller/metal.rb:246:in `block in action'
  actionpack (3.2.8) lib/action_dispatch/routing/route_set.rb:73:in `call'
  actionpack (3.2.8) lib/action_dispatch/routing/route_set.rb:73:in `dispatch'
  actionpack (3.2.8) lib/action_dispatch/routing/route_set.rb:36:in `call'
  journey (1.0.4) lib/journey/router.rb:68:in `block in call'
  journey (1.0.4) lib/journey/router.rb:56:in `each'
  journey (1.0.4) lib/journey/router.rb:56:in `call'
  actionpack (3.2.8) lib/action_dispatch/routing/route_set.rb:600:in `call'
  actionpack (3.2.8) lib/action_dispatch/middleware/best_standards_support.rb:17:in `call'
  rack (1.4.1) lib/rack/etag.rb:23:in `call'
  rack (1.4.1) lib/rack/conditionalget.rb:25:in `call'
  actionpack (3.2.8) lib/action_dispatch/middleware/head.rb:14:in `call'
  actionpack (3.2.8) lib/action_dispatch/middleware/params_parser.rb:21:in `call'
  actionpack (3.2.8) lib/action_dispatch/middleware/flash.rb:242:in `call'
  rack (1.4.1) lib/rack/session/abstract/id.rb:205:in `context'
  rack (1.4.1) lib/rack/session/abstract/id.rb:200:in `call'
  actionpack (3.2.8) lib/action_dispatch/middleware/cookies.rb:339:in `call'
  activerecord (3.2.8) lib/active_record/query_cache.rb:64:in `call'
  activerecord (3.2.8) lib/active_record/connection_adapters/abstract/connection_pool.rb:473:in `call'
  actionpack (3.2.8) lib/action_dispatch/middleware/callbacks.rb:28:in `block in call'
  activesupport (3.2.8) lib/active_support/callbacks.rb:405:in `_run__2778749492022721025__call__1101431913192141297__callbacks'
  activesupport (3.2.8) lib/active_support/callbacks.rb:405:in `__run_callback'
  activesupport (3.2.8) lib/active_support/callbacks.rb:385:in `_run_call_callbacks'
  activesupport (3.2.8) lib/active_support/callbacks.rb:81:in `run_callbacks'
  actionpack (3.2.8) lib/action_dispatch/middleware/callbacks.rb:27:in `call'
  actionpack (3.2.8) lib/action_dispatch/middleware/reloader.rb:65:in `call'
  actionpack (3.2.8) lib/action_dispatch/middleware/remote_ip.rb:31:in `call'
  actionpack (3.2.8) lib/action_dispatch/middleware/debug_exceptions.rb:16:in `call'
  actionpack (3.2.8) lib/action_dispatch/middleware/show_exceptions.rb:56:in `call'
  railties (3.2.8) lib/rails/rack/logger.rb:26:in `call_app'
  railties (3.2.8) lib/rails/rack/logger.rb:16:in `call'
  actionpack (3.2.8) lib/action_dispatch/middleware/request_id.rb:22:in `call'
  rack (1.4.1) lib/rack/methodoverride.rb:21:in `call'
  rack (1.4.1) lib/rack/runtime.rb:17:in `call'
  activesupport (3.2.8) lib/active_support/cache/strategy/local_cache.rb:72:in `call'
  rack (1.4.1) lib/rack/lock.rb:15:in `call'
  actionpack (3.2.8) lib/action_dispatch/middleware/static.rb:62:in `call'
  railties (3.2.8) lib/rails/engine.rb:479:in `call'
  railties (3.2.8) lib/rails/application.rb:223:in `call'
  rack (1.4.1) lib/rack/content_length.rb:14:in `call'
  railties (3.2.8) lib/rails/rack/log_tailer.rb:17:in `call'
  rack (1.4.1) lib/rack/handler/webrick.rb:59:in `service'
  /home/rodrigo/.rbenv/versions/1.9.3-p286/lib/ruby/1.9.1/webrick/httpserver.rb:138:in `service'
  /home/rodrigo/.rbenv/versions/1.9.3-p286/lib/ruby/1.9.1/webrick/httpserver.rb:94:in `run'
  /home/rodrigo/.rbenv/versions/1.9.3-p286/lib/ruby/1.9.1/webrick/server.rb:191:in `block in start_thread'


  Rendered /home/rodrigo/.rbenv/versions/1.9.3-p286/lib/ruby/gems/1.9.1/gems/actionpack-3.2.8/lib/action_dispatch/middleware/templates/rescues/unknown_action.erb within rescues/layout (0.7ms)


Started GET "/users/new" for 127.0.0.1 at 2012-10-18 18:25:40 -0300
Processing by UsersController#new as HTML
  Rendered users/new.html.erb within layouts/application (6.2ms)
Completed 500 Internal Server Error in 26ms

ActionController::RoutingError (No route matches {:action=>"show", :controller=>"users"}):
  app/views/layouts/application.html.erb:29:in `_app_views_layouts_application_html_erb__925760586610241054_70132928878980'


  Rendered /home/rodrigo/.rbenv/versions/1.9.3-p286/lib/ruby/gems/1.9.1/gems/actionpack-3.2.8/lib/action_dispatch/middleware/templates/rescues/routing_error.erb within rescues/layout (0.8ms)


Started GET "/users/new" for 127.0.0.1 at 2012-10-18 18:26:41 -0300
Processing by UsersController#new as HTML
  Rendered users/new.html.erb within layouts/application (5.9ms)
Completed 500 Internal Server Error in 23ms

ActionController::RoutingError (No route matches {:action=>"show", :controller=>"users"}):
  app/views/layouts/application.html.erb:29:in `_app_views_layouts_application_html_erb__925760586610241054_70132928878980'


  Rendered /home/rodrigo/.rbenv/versions/1.9.3-p286/lib/ruby/gems/1.9.1/gems/actionpack-3.2.8/lib/action_dispatch/middleware/templates/rescues/routing_error.erb within rescues/layout (0.8ms)


Started GET "/users/new" for 127.0.0.1 at 2012-10-18 18:27:07 -0300
Processing by UsersController#new as HTML
  Rendered users/new.html.erb within layouts/application (6.2ms)
Completed 200 OK in 26ms (Views: 25.4ms | ActiveRecord: 0.0ms)


Started GET "/assets/application.css?body=1" for 127.0.0.1 at 2012-10-18 18:27:07 -0300
Served asset /application.css - 200 OK (7ms)


Started GET "/assets/users.css?body=1" for 127.0.0.1 at 2012-10-18 18:27:07 -0300
Served asset /users.css - 200 OK (10ms)


Started GET "/assets/jquery.js?body=1" for 127.0.0.1 at 2012-10-18 18:27:07 -0300
Served asset /jquery.js - 200 OK (9ms)


Started GET "/assets/twitter/bootstrap/bootstrap-alert.js?body=1" for 127.0.0.1 at 2012-10-18 18:27:07 -0300
Served asset /twitter/bootstrap/bootstrap-alert.js - 200 OK (7ms)


Started GET "/assets/twitter/bootstrap/bootstrap-modal.js?body=1" for 127.0.0.1 at 2012-10-18 18:27:07 -0300
Served asset /twitter/bootstrap/bootstrap-modal.js - 200 OK (6ms)


Started GET "/assets/jquery_ujs.js?body=1" for 127.0.0.1 at 2012-10-18 18:27:07 -0300
Served asset /jquery_ujs.js - 200 OK (4ms)


Started GET "/assets/twitter/bootstrap/bootstrap-transition.js?body=1" for 127.0.0.1 at 2012-10-18 18:27:07 -0300
Served asset /twitter/bootstrap/bootstrap-transition.js - 200 OK (10ms)


Started GET "/assets/twitter/bootstrap/bootstrap-dropdown.js?body=1" for 127.0.0.1 at 2012-10-18 18:27:07 -0300
Served asset /twitter/bootstrap/bootstrap-dropdown.js - 200 OK (7ms)


Started GET "/assets/twitter/bootstrap/bootstrap-scrollspy.js?body=1" for 127.0.0.1 at 2012-10-18 18:27:07 -0300
Served asset /twitter/bootstrap/bootstrap-scrollspy.js - 200 OK (7ms)


Started GET "/assets/twitter/bootstrap/bootstrap-tab.js?body=1" for 127.0.0.1 at 2012-10-18 18:27:07 -0300
Served asset /twitter/bootstrap/bootstrap-tab.js - 200 OK (11ms)


Started GET "/assets/twitter/bootstrap/bootstrap-tooltip.js?body=1" for 127.0.0.1 at 2012-10-18 18:27:07 -0300
Served asset /twitter/bootstrap/bootstrap-tooltip.js - 200 OK (9ms)


Started GET "/assets/twitter/bootstrap/bootstrap-popover.js?body=1" for 127.0.0.1 at 2012-10-18 18:27:07 -0300
Served asset /twitter/bootstrap/bootstrap-popover.js - 200 OK (6ms)


Started GET "/assets/twitter/bootstrap/bootstrap-button.js?body=1" for 127.0.0.1 at 2012-10-18 18:27:07 -0300
Served asset /twitter/bootstrap/bootstrap-button.js - 200 OK (7ms)


Started GET "/assets/twitter/bootstrap/bootstrap-collapse.js?body=1" for 127.0.0.1 at 2012-10-18 18:27:07 -0300
Served asset /twitter/bootstrap/bootstrap-collapse.js - 200 OK (10ms)


Started GET "/assets/twitter/bootstrap/bootstrap-carousel.js?body=1" for 127.0.0.1 at 2012-10-18 18:27:08 -0300
Served asset /twitter/bootstrap/bootstrap-carousel.js - 200 OK (6ms)


Started GET "/assets/twitter/bootstrap/bootstrap-typeahead.js?body=1" for 127.0.0.1 at 2012-10-18 18:27:08 -0300
Served asset /twitter/bootstrap/bootstrap-typeahead.js - 200 OK (7ms)


Started GET "/assets/twitter/bootstrap/bootstrap-affix.js?body=1" for 127.0.0.1 at 2012-10-18 18:27:08 -0300
Served asset /twitter/bootstrap/bootstrap-affix.js - 200 OK (6ms)


Started GET "/assets/twitter/bootstrap.js?body=1" for 127.0.0.1 at 2012-10-18 18:27:08 -0300
Served asset /twitter/bootstrap.js - 200 OK (45ms)


Started GET "/assets/users.js?body=1" for 127.0.0.1 at 2012-10-18 18:27:08 -0300
Served asset /users.js - 200 OK (2ms)


Started GET "/assets/application.js?body=1" for 127.0.0.1 at 2012-10-18 18:27:08 -0300
Served asset /application.js - 200 OK (54ms)


Started GET "/users/new" for 127.0.0.1 at 2012-10-18 18:27:43 -0300
Processing by UsersController#new as HTML
  Rendered users/new.html.erb within layouts/application (7.0ms)
Completed 200 OK in 28ms (Views: 26.8ms | ActiveRecord: 0.0ms)


Started GET "/assets/application.css?body=1" for 127.0.0.1 at 2012-10-18 18:27:43 -0300
Served asset /application.css - 304 Not Modified (7ms)


Started GET "/assets/users.css?body=1" for 127.0.0.1 at 2012-10-18 18:27:43 -0300
Served asset /users.css - 304 Not Modified (49ms)


Started GET "/assets/jquery.js?body=1" for 127.0.0.1 at 2012-10-18 18:27:43 -0300
Served asset /jquery.js - 304 Not Modified (6ms)


Started GET "/assets/twitter/bootstrap/bootstrap-transition.js?body=1" for 127.0.0.1 at 2012-10-18 18:27:43 -0300
Served asset /twitter/bootstrap/bootstrap-transition.js - 304 Not Modified (0ms)


Started GET "/assets/jquery_ujs.js?body=1" for 127.0.0.1 at 2012-10-18 18:27:43 -0300
Served asset /jquery_ujs.js - 304 Not Modified (0ms)


Started GET "/assets/twitter/bootstrap/bootstrap-alert.js?body=1" for 127.0.0.1 at 2012-10-18 18:27:43 -0300
Served asset /twitter/bootstrap/bootstrap-alert.js - 304 Not Modified (0ms)


Started GET "/assets/twitter/bootstrap/bootstrap-modal.js?body=1" for 127.0.0.1 at 2012-10-18 18:27:43 -0300
Served asset /twitter/bootstrap/bootstrap-modal.js - 304 Not Modified (0ms)


Started GET "/assets/twitter/bootstrap/bootstrap-dropdown.js?body=1" for 127.0.0.1 at 2012-10-18 18:27:43 -0300
Served asset /twitter/bootstrap/bootstrap-dropdown.js - 304 Not Modified (0ms)


Started GET "/assets/twitter/bootstrap/bootstrap-scrollspy.js?body=1" for 127.0.0.1 at 2012-10-18 18:27:43 -0300
Served asset /twitter/bootstrap/bootstrap-scrollspy.js - 304 Not Modified (0ms)


Started GET "/assets/twitter/bootstrap/bootstrap-tab.js?body=1" for 127.0.0.1 at 2012-10-18 18:27:43 -0300
Served asset /twitter/bootstrap/bootstrap-tab.js - 304 Not Modified (0ms)


Started GET "/assets/twitter/bootstrap/bootstrap-tooltip.js?body=1" for 127.0.0.1 at 2012-10-18 18:27:43 -0300
Served asset /twitter/bootstrap/bootstrap-tooltip.js - 304 Not Modified (0ms)


Started GET "/assets/twitter/bootstrap/bootstrap-popover.js?body=1" for 127.0.0.1 at 2012-10-18 18:27:43 -0300
Served asset /twitter/bootstrap/bootstrap-popover.js - 304 Not Modified (0ms)


Started GET "/assets/twitter/bootstrap/bootstrap-button.js?body=1" for 127.0.0.1 at 2012-10-18 18:27:43 -0300
Served asset /twitter/bootstrap/bootstrap-button.js - 304 Not Modified (0ms)


Started GET "/assets/twitter/bootstrap/bootstrap-collapse.js?body=1" for 127.0.0.1 at 2012-10-18 18:27:43 -0300
Served asset /twitter/bootstrap/bootstrap-collapse.js - 304 Not Modified (0ms)


Started GET "/assets/twitter/bootstrap/bootstrap-carousel.js?body=1" for 127.0.0.1 at 2012-10-18 18:27:43 -0300
Served asset /twitter/bootstrap/bootstrap-carousel.js - 304 Not Modified (0ms)


Started GET "/assets/twitter/bootstrap/bootstrap-typeahead.js?body=1" for 127.0.0.1 at 2012-10-18 18:27:43 -0300
Served asset /twitter/bootstrap/bootstrap-typeahead.js - 304 Not Modified (0ms)


Started GET "/assets/twitter/bootstrap.js?body=1" for 127.0.0.1 at 2012-10-18 18:27:43 -0300
Served asset /twitter/bootstrap.js - 304 Not Modified (5ms)


Started GET "/assets/twitter/bootstrap/bootstrap-affix.js?body=1" for 127.0.0.1 at 2012-10-18 18:27:43 -0300
Served asset /twitter/bootstrap/bootstrap-affix.js - 304 Not Modified (1ms)


Started GET "/assets/users.js?body=1" for 127.0.0.1 at 2012-10-18 18:27:43 -0300
Served asset /users.js - 304 Not Modified (0ms)


Started GET "/assets/application.js?body=1" for 127.0.0.1 at 2012-10-18 18:27:43 -0300
Served asset /application.js - 304 Not Modified (5ms)


Started GET "/users/new" for 127.0.0.1 at 2012-10-18 18:32:43 -0300
Processing by UsersController#new as HTML
  Rendered users/new.html.erb within layouts/application (6.2ms)
Compiled bootstrap_and_overrides.css  (2407ms)  (pid 12859)
Compiled application.css  (2565ms)  (pid 12859)
Compiled bootstrap.js  (5ms)  (pid 12859)
Compiled application.js  (87ms)  (pid 12859)
Completed 200 OK in 3578ms (Views: 3576.9ms | ActiveRecord: 0.0ms)


Started GET "/assets/application.css?body=1" for 127.0.0.1 at 2012-10-18 18:32:48 -0300
Served asset /application.css - 304 Not Modified (47ms)


Started GET "/assets/users.css?body=1" for 127.0.0.1 at 2012-10-18 18:32:48 -0300
Served asset /users.css - 304 Not Modified (0ms)


Started GET "/assets/jquery.js?body=1" for 127.0.0.1 at 2012-10-18 18:32:48 -0300
Served asset /jquery.js - 304 Not Modified (2ms)


Started GET "/assets/bootstrap_and_overrides.css?body=1" for 127.0.0.1 at 2012-10-18 18:32:48 -0300
Served asset /bootstrap_and_overrides.css - 200 OK (26ms)


Started GET "/assets/twitter/bootstrap/bootstrap-transition.js?body=1" for 127.0.0.1 at 2012-10-18 18:32:48 -0300
Served asset /twitter/bootstrap/bootstrap-transition.js - 304 Not Modified (0ms)


Started GET "/assets/jquery_ujs.js?body=1" for 127.0.0.1 at 2012-10-18 18:32:48 -0300
Served asset /jquery_ujs.js - 304 Not Modified (0ms)


Started GET "/assets/twitter/bootstrap/bootstrap-alert.js?body=1" for 127.0.0.1 at 2012-10-18 18:32:48 -0300
Served asset /twitter/bootstrap/bootstrap-alert.js - 304 Not Modified (0ms)


Started GET "/assets/twitter/bootstrap/bootstrap-modal.js?body=1" for 127.0.0.1 at 2012-10-18 18:32:48 -0300
Served asset /twitter/bootstrap/bootstrap-modal.js - 304 Not Modified (0ms)


Started GET "/assets/twitter/bootstrap/bootstrap-scrollspy.js?body=1" for 127.0.0.1 at 2012-10-18 18:32:48 -0300
Served asset /twitter/bootstrap/bootstrap-scrollspy.js - 304 Not Modified (4ms)


Started GET "/assets/twitter/bootstrap/bootstrap-dropdown.js?body=1" for 127.0.0.1 at 2012-10-18 18:32:48 -0300
Served asset /twitter/bootstrap/bootstrap-dropdown.js - 304 Not Modified (0ms)


Started GET "/assets/twitter/bootstrap/bootstrap-tab.js?body=1" for 127.0.0.1 at 2012-10-18 18:32:48 -0300
Served asset /twitter/bootstrap/bootstrap-tab.js - 304 Not Modified (0ms)


Started GET "/assets/twitter/bootstrap/bootstrap-tooltip.js?body=1" for 127.0.0.1 at 2012-10-18 18:32:48 -0300
Served asset /twitter/bootstrap/bootstrap-tooltip.js - 304 Not Modified (0ms)


Started GET "/assets/twitter/bootstrap/bootstrap-popover.js?body=1" for 127.0.0.1 at 2012-10-18 18:32:48 -0300
Served asset /twitter/bootstrap/bootstrap-popover.js - 304 Not Modified (0ms)


Started GET "/assets/twitter/bootstrap/bootstrap-button.js?body=1" for 127.0.0.1 at 2012-10-18 18:32:49 -0300
Served asset /twitter/bootstrap/bootstrap-button.js - 304 Not Modified (1ms)


Started GET "/assets/twitter/bootstrap/bootstrap-collapse.js?body=1" for 127.0.0.1 at 2012-10-18 18:32:49 -0300
Served asset /twitter/bootstrap/bootstrap-collapse.js - 304 Not Modified (64ms)


Started GET "/assets/twitter/bootstrap/bootstrap-carousel.js?body=1" for 127.0.0.1 at 2012-10-18 18:32:49 -0300
Served asset /twitter/bootstrap/bootstrap-carousel.js - 304 Not Modified (3ms)


Started GET "/assets/twitter/bootstrap/bootstrap-typeahead.js?body=1" for 127.0.0.1 at 2012-10-18 18:32:49 -0300
Served asset /twitter/bootstrap/bootstrap-typeahead.js - 304 Not Modified (0ms)


Started GET "/assets/twitter/bootstrap/bootstrap-affix.js?body=1" for 127.0.0.1 at 2012-10-18 18:32:49 -0300
Served asset /twitter/bootstrap/bootstrap-affix.js - 304 Not Modified (0ms)


Started GET "/assets/twitter/bootstrap.js?body=1" for 127.0.0.1 at 2012-10-18 18:32:49 -0300
Served asset /twitter/bootstrap.js - 304 Not Modified (7ms)


Started GET "/assets/bootstrap.js?body=1" for 127.0.0.1 at 2012-10-18 18:32:49 -0300
Served asset /bootstrap.js - 200 OK (3ms)


Started GET "/assets/users.js?body=1" for 127.0.0.1 at 2012-10-18 18:32:49 -0300
Served asset /users.js - 304 Not Modified (0ms)


Started GET "/assets/application.js?body=1" for 127.0.0.1 at 2012-10-18 18:32:49 -0300
Served asset /application.js - 304 Not Modified (51ms)


Started GET "/users/new" for 127.0.0.1 at 2012-10-18 18:34:11 -0300
Processing by UsersController#new as HTML
  Rendered users/new.html.erb within layouts/application (12.0ms)
Compiled bootstrap_and_overrides.css  (2148ms)  (pid 12859)
Compiled application.css  (2ms)  (pid 12859)
Completed 200 OK in 3256ms (Views: 3255.5ms | ActiveRecord: 0.0ms)


Started GET "/assets/application.css?body=1" for 127.0.0.1 at 2012-10-18 18:34:16 -0300
Served asset /application.css - 304 Not Modified (100ms)


Started GET "/assets/bootstrap_and_overrides.css?body=1" for 127.0.0.1 at 2012-10-18 18:34:16 -0300
Served asset /bootstrap_and_overrides.css - 200 OK (4ms)


Started GET "/assets/twitter/bootstrap/bootstrap-transition.js?body=1" for 127.0.0.1 at 2012-10-18 18:34:16 -0300
Served asset /twitter/bootstrap/bootstrap-transition.js - 304 Not Modified (0ms)


Started GET "/assets/jquery.js?body=1" for 127.0.0.1 at 2012-10-18 18:34:16 -0300
Served asset /jquery.js - 304 Not Modified (9ms)


Started GET "/assets/users.css?body=1" for 127.0.0.1 at 2012-10-18 18:34:16 -0300
Served asset /users.css - 304 Not Modified (0ms)


Started GET "/assets/jquery_ujs.js?body=1" for 127.0.0.1 at 2012-10-18 18:34:16 -0300
Served asset /jquery_ujs.js - 304 Not Modified (2ms)


Started GET "/assets/twitter/bootstrap/bootstrap-alert.js?body=1" for 127.0.0.1 at 2012-10-18 18:34:16 -0300
Served asset /twitter/bootstrap/bootstrap-alert.js - 304 Not Modified (0ms)


Started GET "/assets/twitter/bootstrap/bootstrap-modal.js?body=1" for 127.0.0.1 at 2012-10-18 18:34:16 -0300
Served asset /twitter/bootstrap/bootstrap-modal.js - 304 Not Modified (0ms)


Started GET "/assets/twitter/bootstrap/bootstrap-dropdown.js?body=1" for 127.0.0.1 at 2012-10-18 18:34:16 -0300
Served asset /twitter/bootstrap/bootstrap-dropdown.js - 304 Not Modified (0ms)


Started GET "/assets/twitter/bootstrap/bootstrap-tab.js?body=1" for 127.0.0.1 at 2012-10-18 18:34:16 -0300
Served asset /twitter/bootstrap/bootstrap-tab.js - 304 Not Modified (0ms)


Started GET "/assets/twitter/bootstrap/bootstrap-scrollspy.js?body=1" for 127.0.0.1 at 2012-10-18 18:34:16 -0300
Served asset /twitter/bootstrap/bootstrap-scrollspy.js - 304 Not Modified (0ms)


Started GET "/assets/twitter/bootstrap/bootstrap-tooltip.js?body=1" for 127.0.0.1 at 2012-10-18 18:34:16 -0300
Served asset /twitter/bootstrap/bootstrap-tooltip.js - 304 Not Modified (1ms)


Started GET "/assets/twitter/bootstrap/bootstrap-popover.js?body=1" for 127.0.0.1 at 2012-10-18 18:34:16 -0300
Served asset /twitter/bootstrap/bootstrap-popover.js - 304 Not Modified (2ms)


Started GET "/assets/twitter/bootstrap/bootstrap-button.js?body=1" for 127.0.0.1 at 2012-10-18 18:34:16 -0300
Served asset /twitter/bootstrap/bootstrap-button.js - 304 Not Modified (0ms)


Started GET "/assets/twitter/bootstrap/bootstrap-collapse.js?body=1" for 127.0.0.1 at 2012-10-18 18:34:16 -0300
Served asset /twitter/bootstrap/bootstrap-collapse.js - 304 Not Modified (0ms)


Started GET "/assets/twitter/bootstrap/bootstrap-carousel.js?body=1" for 127.0.0.1 at 2012-10-18 18:34:16 -0300
Served asset /twitter/bootstrap/bootstrap-carousel.js - 304 Not Modified (0ms)


Started GET "/assets/twitter/bootstrap/bootstrap-affix.js?body=1" for 127.0.0.1 at 2012-10-18 18:34:16 -0300
Served asset /twitter/bootstrap/bootstrap-affix.js - 304 Not Modified (0ms)


Started GET "/assets/twitter/bootstrap/bootstrap-typeahead.js?body=1" for 127.0.0.1 at 2012-10-18 18:34:16 -0300
Served asset /twitter/bootstrap/bootstrap-typeahead.js - 304 Not Modified (0ms)


Started GET "/assets/twitter/bootstrap.js?body=1" for 127.0.0.1 at 2012-10-18 18:34:16 -0300
Served asset /twitter/bootstrap.js - 304 Not Modified (3ms)


Started GET "/assets/bootstrap.js?body=1" for 127.0.0.1 at 2012-10-18 18:34:16 -0300
Served asset /bootstrap.js - 304 Not Modified (0ms)


Started GET "/assets/users.js?body=1" for 127.0.0.1 at 2012-10-18 18:34:16 -0300
Served asset /users.js - 304 Not Modified (0ms)


Started GET "/assets/application.js?body=1" for 127.0.0.1 at 2012-10-18 18:34:16 -0300
Served asset /application.js - 304 Not Modified (61ms)


Started GET "/users/new" for 127.0.0.1 at 2012-10-18 18:36:04 -0300
Processing by UsersController#new as HTML
  Rendered users/new.html.erb within layouts/application (7.1ms)
Completed 200 OK in 363ms (Views: 361.9ms | ActiveRecord: 0.0ms)


Started GET "/assets/application.css?body=1" for 127.0.0.1 at 2012-10-18 18:36:06 -0300
Served asset /application.css - 304 Not Modified (181ms)


Started GET "/assets/users.css?body=1" for 127.0.0.1 at 2012-10-18 18:36:07 -0300
Served asset /users.css - 304 Not Modified (9ms)


Started GET "/assets/twitter/bootstrap/bootstrap-transition.js?body=1" for 127.0.0.1 at 2012-10-18 18:36:07 -0300
Served asset /twitter/bootstrap/bootstrap-transition.js - 304 Not Modified (67ms)


Started GET "/assets/bootstrap_and_overrides.css?body=1" for 127.0.0.1 at 2012-10-18 18:36:07 -0300
Served asset /bootstrap_and_overrides.css - 304 Not Modified (34ms)


Started GET "/assets/jquery_ujs.js?body=1" for 127.0.0.1 at 2012-10-18 18:36:07 -0300
Served asset /jquery_ujs.js - 304 Not Modified (58ms)


Started GET "/assets/jquery.js?body=1" for 127.0.0.1 at 2012-10-18 18:36:07 -0300
Served asset /jquery.js - 304 Not Modified (150ms)


Started GET "/assets/twitter/bootstrap/bootstrap-alert.js?body=1" for 127.0.0.1 at 2012-10-18 18:36:07 -0300
Served asset /twitter/bootstrap/bootstrap-alert.js - 304 Not Modified (93ms)


Started GET "/assets/twitter/bootstrap/bootstrap-modal.js?body=1" for 127.0.0.1 at 2012-10-18 18:36:07 -0300
Served asset /twitter/bootstrap/bootstrap-modal.js - 304 Not Modified (51ms)


Started GET "/assets/twitter/bootstrap/bootstrap-dropdown.js?body=1" for 127.0.0.1 at 2012-10-18 18:36:07 -0300
Served asset /twitter/bootstrap/bootstrap-dropdown.js - 304 Not Modified (26ms)


Started GET "/assets/twitter/bootstrap/bootstrap-scrollspy.js?body=1" for 127.0.0.1 at 2012-10-18 18:36:07 -0300
Served asset /twitter/bootstrap/bootstrap-scrollspy.js - 304 Not Modified (4ms)


Started GET "/assets/twitter/bootstrap/bootstrap-tab.js?body=1" for 127.0.0.1 at 2012-10-18 18:36:08 -0300
Served asset /twitter/bootstrap/bootstrap-tab.js - 304 Not Modified (18ms)


Started GET "/assets/twitter/bootstrap/bootstrap-tooltip.js?body=1" for 127.0.0.1 at 2012-10-18 18:36:08 -0300
Served asset /twitter/bootstrap/bootstrap-tooltip.js - 304 Not Modified (240ms)


Started GET "/assets/twitter/bootstrap/bootstrap-popover.js?body=1" for 127.0.0.1 at 2012-10-18 18:36:08 -0300
Served asset /twitter/bootstrap/bootstrap-popover.js - 304 Not Modified (38ms)


Started GET "/assets/twitter/bootstrap/bootstrap-button.js?body=1" for 127.0.0.1 at 2012-10-18 18:36:08 -0300
Served asset /twitter/bootstrap/bootstrap-button.js - 304 Not Modified (22ms)


Started GET "/assets/twitter/bootstrap/bootstrap-collapse.js?body=1" for 127.0.0.1 at 2012-10-18 18:36:08 -0300
Served asset /twitter/bootstrap/bootstrap-collapse.js - 304 Not Modified (20ms)


Started GET "/assets/twitter/bootstrap/bootstrap-carousel.js?body=1" for 127.0.0.1 at 2012-10-18 18:36:08 -0300
Served asset /twitter/bootstrap/bootstrap-carousel.js - 304 Not Modified (2ms)


Started GET "/assets/twitter/bootstrap/bootstrap-typeahead.js?body=1" for 127.0.0.1 at 2012-10-18 18:36:08 -0300
Served asset /twitter/bootstrap/bootstrap-typeahead.js - 304 Not Modified (3ms)


Started GET "/assets/twitter/bootstrap/bootstrap-affix.js?body=1" for 127.0.0.1 at 2012-10-18 18:36:08 -0300
Served asset /twitter/bootstrap/bootstrap-affix.js - 304 Not Modified (36ms)


Started GET "/assets/twitter/bootstrap.js?body=1" for 127.0.0.1 at 2012-10-18 18:36:08 -0300
Served asset /twitter/bootstrap.js - 304 Not Modified (13ms)


Started GET "/assets/bootstrap.js?body=1" for 127.0.0.1 at 2012-10-18 18:36:08 -0300
Served asset /bootstrap.js - 304 Not Modified (22ms)


Started GET "/assets/users.js?body=1" for 127.0.0.1 at 2012-10-18 18:36:08 -0300
Served asset /users.js - 304 Not Modified (11ms)


Started GET "/assets/application.js?body=1" for 127.0.0.1 at 2012-10-18 18:36:08 -0300
Served asset /application.js - 304 Not Modified (33ms)


Started POST "/users" for 127.0.0.1 at 2012-10-18 18:36:26 -0300
Processing by UsersController#create as HTML
  Parameters: {"utf8"=>"✓", "authenticity_token"=>"djlC6pv3lTbWLjX6Ah1Qm9vUMLXIFGsUER5wUDaiKho=", "user"=>{"email"=>"", "password"=>"[FILTERED]", "password_confirmation"=>"[FILTERED]"}, "commit"=>"Create User"}
Completed 500 Internal Server Error in 1ms

ActiveModel::MassAssignmentSecurity::Error (Can't mass-assign protected attributes: password, password_confirmation):
  app/controllers/users_controller.rb:7:in `new'
  app/controllers/users_controller.rb:7:in `create'


  Rendered /home/rodrigo/.rbenv/versions/1.9.3-p286/lib/ruby/gems/1.9.1/gems/actionpack-3.2.8/lib/action_dispatch/middleware/templates/rescues/_trace.erb (2.5ms)
  Rendered /home/rodrigo/.rbenv/versions/1.9.3-p286/lib/ruby/gems/1.9.1/gems/actionpack-3.2.8/lib/action_dispatch/middleware/templates/rescues/_request_and_response.erb (1.9ms)
  Rendered /home/rodrigo/.rbenv/versions/1.9.3-p286/lib/ruby/gems/1.9.1/gems/actionpack-3.2.8/lib/action_dispatch/middleware/templates/rescues/diagnostics.erb within rescues/layout (16.3ms)
